<?xml version="1.0" encoding="UTF-8" standalone="no"?>
<!DOCTYPE log SYSTEM "logger.dtd">
<log>
<record>
  <date>2015-05-11T14:53:32</date>
  <millis>1431366812973</millis>
  <sequence>0</sequence>
  <logger>jMetal</logger>
  <level>INFO</level>
  <class>org.ufpr.cbio.poc.jmetal.PspProblemRelativeNSGAIIIHyperVolume</class>
  <method>main</method>
  <thread>1</thread>
  <message>Total execution time: 8559ms</message>
</record>
<record>
  <date>2015-05-11T14:53:32</date>
  <millis>1431366812978</millis>
  <sequence>1</sequence>
  <logger>jMetal</logger>
  <level>INFO</level>
  <class>org.ufpr.cbio.poc.jmetal.PspProblemRelativeNSGAIIIHyperVolume</class>
  <method>main</method>
  <thread>1</thread>
  <message>Objectives values have been written to filejmetal_output/NSGAIII/Population/0/VAR.tsv</message>
</record>
<record>
  <date>2015-05-11T14:53:32</date>
  <millis>1431366812978</millis>
  <sequence>2</sequence>
  <logger>jMetal</logger>
  <level>INFO</level>
  <class>org.ufpr.cbio.poc.jmetal.PspProblemRelativeNSGAIIIHyperVolume</class>
  <method>main</method>
  <thread>1</thread>
  <message>Variables values have been written to filejmetal_output/NSGAIII/Population/0/VAR.tsv</message>
</record>
</log>
